# JRE version: OpenJDK Runtime Environment Temurin-21.0.7+6 (21.0.7+6) (build 21.0.7+6-LTS)
# Java VM: OpenJDK 64-Bit Server VM Temurin-21.0.7+6 (21.0.7+6-LTS, mixed mode, sharing, tiered, compressed oops, compressed class ptrs, parallel gc, windows-amd64)
GC Precious Log:
 CardTable entry size: 512
 CPUs: 8 total, 8 available
 Memory: 7975M
 Large Page Support: Disabled
 NUMA Support: Disabled
 Compressed Oops: Enabled (32-bit)
 Alignments: Space 512K, Generation 512K, Heap 2M
 Heap Min Capacity: 100M
 Heap Initial Capacity: 100M
 Heap Max Capacity: 2G
 Pre-touch: Disabled
 Parallel Workers: 8
Heap:
 PSYoungGen      total 8704K, used 7535K [0x00000000d5580000, 0x00000000d6100000, 0x0000000100000000)
  eden space 6144K, 100% used [0x00000000d5580000,0x00000000d5b80000,0x00000000d5b80000)
  from space 2560K, 54% used [0x00000000d5b80000,0x00000000d5cdbd70,0x00000000d5e00000)
  to   space 2048K, 0% used [0x00000000d5f00000,0x00000000d5f00000,0x00000000d6100000)
 ParOldGen       total 472576K, used 472534K [0x0000000080000000, 0x000000009cd80000, 0x00000000d5580000)
  object space 472576K, 99% used [0x0000000080000000,0x000000009cd75a20,0x000000009cd80000)
 Metaspace       used 67585K, committed 69248K, reserved 1114112K
  class space    used 6678K, committed 7488K, reserved 1048576K
GC Heap History (20 events):
Event: 57.818 GC heap after
{Heap after GC invocations=630 (full 3):
 PSYoungGen      total 5632K, used 384K [0x00000000d5580000, 0x00000000d5d00000, 0x0000000100000000)
  eden space 5120K, 0% used [0x00000000d5580000,0x00000000d5580000,0x00000000d5a80000)
  from space 512K, 75% used [0x00000000d5b00000,0x00000000d5b60000,0x00000000d5b80000)
  to   space 1024K, 0% used [0x00000000d5c00000,0x00000000d5c00000,0x00000000d5d00000)
 ParOldGen       total 466944K, used 466588K [0x0000000080000000, 0x000000009c800000, 0x00000000d5580000)
  object space 466944K, 99% used [0x0000000080000000,0x000000009c7a7098,0x000000009c800000)
 Metaspace       used 67488K, committed 69120K, reserved 1114112K
  class space    used 6666K, committed 7424K, reserved 1048576K
}
Event: 57.870 GC heap before
{Heap before GC invocations=631 (full 3):
 PSYoungGen      total 5632K, used 5504K [0x00000000d5580000, 0x00000000d5d00000, 0x0000000100000000)
  eden space 5120K, 100% used [0x00000000d5580000,0x00000000d5a80000,0x00000000d5a80000)
  from space 512K, 75% used [0x00000000d5b00000,0x00000000d5b60000,0x00000000d5b80000)
  to   space 1024K, 0% used [0x00000000d5c00000,0x00000000d5c00000,0x00000000d5d00000)
 ParOldGen       total 466944K, used 466588K [0x0000000080000000, 0x000000009c800000, 0x00000000d5580000)
  object space 466944K, 99% used [0x0000000080000000,0x000000009c7a7098,0x000000009c800000)
 Metaspace       used 67488K, committed 69120K, reserved 1114112K
  class space    used 6666K, committed 7424K, reserved 1048576K
}
Event: 57.873 GC heap after
{Heap after GC invocations=631 (full 3):
 PSYoungGen      total 5632K, used 414K [0x00000000d5580000, 0x00000000d5c80000, 0x0000000100000000)
  eden space 5120K, 0% used [0x00000000d5580000,0x00000000d5580000,0x00000000d5a80000)
  from space 512K, 80% used [0x00000000d5c00000,0x00000000d5c67950,0x00000000d5c80000)
  to   space 512K, 0% used [0x00000000d5b00000,0x00000000d5b00000,0x00000000d5b80000)
 ParOldGen       total 466944K, used 466804K [0x0000000080000000, 0x000000009c800000, 0x00000000d5580000)
  object space 466944K, 99% used [0x0000000080000000,0x000000009c7dd098,0x000000009c800000)
 Metaspace       used 67488K, committed 69120K, reserved 1114112K
  class space    used 6666K, committed 7424K, reserved 1048576K
}
Event: 57.969 GC heap before
{Heap before GC invocations=632 (full 3):
 PSYoungGen      total 5632K, used 5534K [0x00000000d5580000, 0x00000000d5c80000, 0x0000000100000000)
  eden space 5120K, 100% used [0x00000000d5580000,0x00000000d5a80000,0x00000000d5a80000)
  from space 512K, 80% used [0x00000000d5c00000,0x00000000d5c67950,0x00000000d5c80000)
  to   space 512K, 0% used [0x00000000d5b00000,0x00000000d5b00000,0x00000000d5b80000)
 ParOldGen       total 466944K, used 466804K [0x0000000080000000, 0x000000009c800000, 0x00000000d5580000)
  object space 466944K, 99% used [0x0000000080000000,0x000000009c7dd098,0x000000009c800000)
 Metaspace       used 67528K, committed 69248K, reserved 1114112K
  class space    used 6675K, committed 7488K, reserved 1048576K
}
Event: 57.971 GC heap after
{Heap after GC invocations=632 (full 3):
 PSYoungGen      total 5632K, used 492K [0x00000000d5580000, 0x00000000d5c80000, 0x0000000100000000)
  eden space 5120K, 0% used [0x00000000d5580000,0x00000000d5580000,0x00000000d5a80000)
  from space 512K, 96% used [0x00000000d5b00000,0x00000000d5b7b3f0,0x00000000d5b80000)
  to   space 1024K, 0% used [0x00000000d5b80000,0x00000000d5b80000,0x00000000d5c80000)
 ParOldGen       total 467456K, used 467004K [0x0000000080000000, 0x000000009c880000, 0x00000000d5580000)
  object space 467456K, 99% used [0x0000000080000000,0x000000009c80f098,0x000000009c880000)
 Metaspace       used 67528K, committed 69248K, reserved 1114112K
  class space    used 6675K, committed 7488K, reserved 1048576K
}
Event: 57.995 GC heap before
{Heap before GC invocations=633 (full 3):
 PSYoungGen      total 5632K, used 5612K [0x00000000d5580000, 0x00000000d5c80000, 0x0000000100000000)
  eden space 5120K, 100% used [0x00000000d5580000,0x00000000d5a80000,0x00000000d5a80000)
  from space 512K, 96% used [0x00000000d5b00000,0x00000000d5b7b3f0,0x00000000d5b80000)
  to   space 1024K, 0% used [0x00000000d5b80000,0x00000000d5b80000,0x00000000d5c80000)
 ParOldGen       total 467456K, used 467004K [0x0000000080000000, 0x000000009c880000, 0x00000000d5580000)
  object space 467456K, 99% used [0x0000000080000000,0x000000009c80f098,0x000000009c880000)
 Metaspace       used 67556K, committed 69248K, reserved 1114112K
  class space    used 6676K, committed 7488K, reserved 1048576K
}
Event: 57.997 GC heap after
{Heap after GC invocations=633 (full 3):
 PSYoungGen      total 6144K, used 763K [0x00000000d5580000, 0x00000000d5c80000, 0x0000000100000000)
  eden space 5120K, 0% used [0x00000000d5580000,0x00000000d5580000,0x00000000d5a80000)
  from space 1024K, 74% used [0x00000000d5b80000,0x00000000d5c3ec08,0x00000000d5c80000)
  to   space 1024K, 0% used [0x00000000d5a80000,0x00000000d5a80000,0x00000000d5b80000)
 ParOldGen       total 467968K, used 467475K [0x0000000080000000, 0x000000009c900000, 0x00000000d5580000)
  object space 467968K, 99% used [0x0000000080000000,0x000000009c884ff8,0x000000009c900000)
 Metaspace       used 67556K, committed 69248K, reserved 1114112K
  class space    used 6676K, committed 7488K, reserved 1048576K
}
Event: 58.037 GC heap before
{Heap before GC invocations=634 (full 3):
 PSYoungGen      total 6144K, used 5883K [0x00000000d5580000, 0x00000000d5c80000, 0x0000000100000000)
  eden space 5120K, 100% used [0x00000000d5580000,0x00000000d5a80000,0x00000000d5a80000)
  from space 1024K, 74% used [0x00000000d5b80000,0x00000000d5c3ec08,0x00000000d5c80000)
  to   space 1024K, 0% used [0x00000000d5a80000,0x00000000d5a80000,0x00000000d5b80000)
 ParOldGen       total 467968K, used 467475K [0x0000000080000000, 0x000000009c900000, 0x00000000d5580000)
  object space 467968K, 99% used [0x0000000080000000,0x000000009c884ff8,0x000000009c900000)
 Metaspace       used 67580K, committed 69248K, reserved 1114112K
  class space    used 6678K, committed 7488K, reserved 1048576K
}
Event: 58.040 GC heap after
{Heap after GC invocations=634 (full 3):
 PSYoungGen      total 6144K, used 768K [0x00000000d5580000, 0x00000000d5c80000, 0x0000000100000000)
  eden space 5120K, 0% used [0x00000000d5580000,0x00000000d5580000,0x00000000d5a80000)
  from space 1024K, 75% used [0x00000000d5a80000,0x00000000d5b40000,0x00000000d5b80000)
  to   space 1024K, 0% used [0x00000000d5b80000,0x00000000d5b80000,0x00000000d5c80000)
 ParOldGen       total 468480K, used 468127K [0x0000000080000000, 0x000000009c980000, 0x00000000d5580000)
  object space 468480K, 99% used [0x0000000080000000,0x000000009c927c00,0x000000009c980000)
 Metaspace       used 67580K, committed 69248K, reserved 1114112K
  class space    used 6678K, committed 7488K, reserved 1048576K
}
Event: 58.091 GC heap before
{Heap before GC invocations=635 (full 3):
 PSYoungGen      total 6144K, used 5888K [0x00000000d5580000, 0x00000000d5c80000, 0x0000000100000000)
  eden space 5120K, 100% used [0x00000000d5580000,0x00000000d5a80000,0x00000000d5a80000)
  from space 1024K, 75% used [0x00000000d5a80000,0x00000000d5b40000,0x00000000d5b80000)
  to   space 1024K, 0% used [0x00000000d5b80000,0x00000000d5b80000,0x00000000d5c80000)
 ParOldGen       total 468480K, used 468127K [0x0000000080000000, 0x000000009c980000, 0x00000000d5580000)
  object space 468480K, 99% used [0x0000000080000000,0x000000009c927c00,0x000000009c980000)
 Metaspace       used 67580K, committed 69248K, reserved 1114112K
  class space    used 6678K, committed 7488K, reserved 1048576K
}
Event: 58.093 GC heap after
{Heap after GC invocations=635 (full 3):
 PSYoungGen      total 6144K, used 726K [0x00000000d5580000, 0x00000000d5c80000, 0x0000000100000000)
  eden space 5120K, 0% used [0x00000000d5580000,0x00000000d5580000,0x00000000d5a80000)
  from space 1024K, 70% used [0x00000000d5b80000,0x00000000d5c35808,0x00000000d5c80000)
  to   space 1024K, 0% used [0x00000000d5a80000,0x00000000d5a80000,0x00000000d5b80000)
 ParOldGen       total 468992K, used 468727K [0x0000000080000000, 0x000000009ca00000, 0x00000000d5580000)
  object space 468992K, 99% used [0x0000000080000000,0x000000009c9bdc00,0x000000009ca00000)
 Metaspace       used 67580K, committed 69248K, reserved 1114112K
  class space    used 6678K, committed 7488K, reserved 1048576K
}
Event: 58.123 GC heap before
{Heap before GC invocations=636 (full 3):
 PSYoungGen      total 6144K, used 5846K [0x00000000d5580000, 0x00000000d5c80000, 0x0000000100000000)
  eden space 5120K, 100% used [0x00000000d5580000,0x00000000d5a80000,0x00000000d5a80000)
  from space 1024K, 70% used [0x00000000d5b80000,0x00000000d5c35808,0x00000000d5c80000)
  to   space 1024K, 0% used [0x00000000d5a80000,0x00000000d5a80000,0x00000000d5b80000)
 ParOldGen       total 468992K, used 468727K [0x0000000080000000, 0x000000009ca00000, 0x00000000d5580000)
  object space 468992K, 99% used [0x0000000080000000,0x000000009c9bdc00,0x000000009ca00000)
 Metaspace       used 67580K, committed 69248K, reserved 1114112K
  class space    used 6678K, committed 7488K, reserved 1048576K
}
Event: 58.126 GC heap after
{Heap after GC invocations=636 (full 3):
 PSYoungGen      total 6144K, used 690K [0x00000000d5580000, 0x00000000d5c80000, 0x0000000100000000)
  eden space 5120K, 0% used [0x00000000d5580000,0x00000000d5580000,0x00000000d5a80000)
  from space 1024K, 67% used [0x00000000d5a80000,0x00000000d5b2c928,0x00000000d5b80000)
  to   space 1024K, 0% used [0x00000000d5b80000,0x00000000d5b80000,0x00000000d5c80000)
 ParOldGen       total 469504K, used 469365K [0x0000000080000000, 0x000000009ca80000, 0x00000000d5580000)
  object space 469504K, 99% used [0x0000000080000000,0x000000009ca5d408,0x000000009ca80000)
 Metaspace       used 67580K, committed 69248K, reserved 1114112K
  class space    used 6678K, committed 7488K, reserved 1048576K
}
Event: 58.161 GC heap before
{Heap before GC invocations=637 (full 3):
 PSYoungGen      total 6144K, used 5810K [0x00000000d5580000, 0x00000000d5c80000, 0x0000000100000000)
  eden space 5120K, 100% used [0x00000000d5580000,0x00000000d5a80000,0x00000000d5a80000)
  from space 1024K, 67% used [0x00000000d5a80000,0x00000000d5b2c928,0x00000000d5b80000)
  to   space 1024K, 0% used [0x00000000d5b80000,0x00000000d5b80000,0x00000000d5c80000)
 ParOldGen       total 469504K, used 469365K [0x0000000080000000, 0x000000009ca80000, 0x00000000d5580000)
  object space 469504K, 99% used [0x0000000080000000,0x000000009ca5d408,0x000000009ca80000)
 Metaspace       used 67580K, committed 69248K, reserved 1114112K
  class space    used 6678K, committed 7488K, reserved 1048576K
}
Event: 58.164 GC heap after
{Heap after GC invocations=637 (full 3):
 PSYoungGen      total 6144K, used 748K [0x00000000d5580000, 0x00000000d5c80000, 0x0000000100000000)
  eden space 5120K, 0% used [0x00000000d5580000,0x00000000d5580000,0x00000000d5a80000)
  from space 1024K, 73% used [0x00000000d5b80000,0x00000000d5c3b008,0x00000000d5c80000)
  to   space 1024K, 0% used [0x00000000d5a80000,0x00000000d5a80000,0x00000000d5b80000)
 ParOldGen       total 470016K, used 469861K [0x0000000080000000, 0x000000009cb00000, 0x00000000d5580000)
  object space 470016K, 99% used [0x0000000080000000,0x000000009cad9408,0x000000009cb00000)
 Metaspace       used 67580K, committed 69248K, reserved 1114112K
  class space    used 6678K, committed 7488K, reserved 1048576K
}
Event: 58.215 GC heap before
{Heap before GC invocations=638 (full 3):
 PSYoungGen      total 6144K, used 5867K [0x00000000d5580000, 0x00000000d5c80000, 0x0000000100000000)
  eden space 5120K, 99% used [0x00000000d5580000,0x00000000d5a7ffa0,0x00000000d5a80000)
  from space 1024K, 73% used [0x00000000d5b80000,0x00000000d5c3b008,0x00000000d5c80000)
  to   space 1024K, 0% used [0x00000000d5a80000,0x00000000d5a80000,0x00000000d5b80000)
 ParOldGen       total 470016K, used 469861K [0x0000000080000000, 0x000000009cb00000, 0x00000000d5580000)
  object space 470016K, 99% used [0x0000000080000000,0x000000009cad9408,0x000000009cb00000)
 Metaspace       used 67583K, committed 69248K, reserved 1114112K
  class space    used 6678K, committed 7488K, reserved 1048576K
}
Event: 58.218 GC heap after
{Heap after GC invocations=638 (full 3):
 PSYoungGen      total 6144K, used 640K [0x00000000d5580000, 0x00000000d5c80000, 0x0000000100000000)
  eden space 5120K, 0% used [0x00000000d5580000,0x00000000d5580000,0x00000000d5a80000)
  from space 1024K, 62% used [0x00000000d5a80000,0x00000000d5b20000,0x00000000d5b80000)
  to   space 1024K, 0% used [0x00000000d5b80000,0x00000000d5b80000,0x00000000d5c80000)
 ParOldGen       total 470528K, used 470465K [0x0000000080000000, 0x000000009cb80000, 0x00000000d5580000)
  object space 470528K, 99% used [0x0000000080000000,0x000000009cb70410,0x000000009cb80000)
 Metaspace       used 67583K, committed 69248K, reserved 1114112K
  class space    used 6678K, committed 7488K, reserved 1048576K
}
Event: 58.427 GC heap before
{Heap before GC invocations=639 (full 3):
 PSYoungGen      total 6144K, used 5760K [0x00000000d5580000, 0x00000000d5c80000, 0x0000000100000000)
  eden space 5120K, 100% used [0x00000000d5580000,0x00000000d5a80000,0x00000000d5a80000)
  from space 1024K, 62% used [0x00000000d5a80000,0x00000000d5b20000,0x00000000d5b80000)
  to   space 1024K, 0% used [0x00000000d5b80000,0x00000000d5b80000,0x00000000d5c80000)
 ParOldGen       total 470528K, used 470465K [0x0000000080000000, 0x000000009cb80000, 0x00000000d5580000)
  object space 470528K, 99% used [0x0000000080000000,0x000000009cb70410,0x000000009cb80000)
 Metaspace       used 67584K, committed 69248K, reserved 1114112K
  class space    used 6678K, committed 7488K, reserved 1048576K
}
Event: 58.430 GC heap after
{Heap after GC invocations=639 (full 3):
 PSYoungGen      total 6144K, used 608K [0x00000000d5580000, 0x00000000d5c80000, 0x0000000100000000)
  eden space 5120K, 0% used [0x00000000d5580000,0x00000000d5580000,0x00000000d5a80000)
  from space 1024K, 59% used [0x00000000d5b80000,0x00000000d5c18000,0x00000000d5c80000)
  to   space 1024K, 0% used [0x00000000d5a80000,0x00000000d5a80000,0x00000000d5b80000)
 ParOldGen       total 471040K, used 470945K [0x0000000080000000, 0x000000009cc00000, 0x00000000d5580000)
  object space 471040K, 99% used [0x0000000080000000,0x000000009cbe8410,0x000000009cc00000)
 Metaspace       used 67584K, committed 69248K, reserved 1114112K
  class space    used 6678K, committed 7488K, reserved 1048576K
}
Event: 58.509 GC heap before
{Heap before GC invocations=640 (full 3):
 PSYoungGen      total 6144K, used 5728K [0x00000000d5580000, 0x00000000d5c80000, 0x0000000100000000)
  eden space 5120K, 100% used [0x00000000d5580000,0x00000000d5a80000,0x00000000d5a80000)
  from space 1024K, 59% used [0x00000000d5b80000,0x00000000d5c18000,0x00000000d5c80000)
  to   space 1024K, 0% used [0x00000000d5a80000,0x00000000d5a80000,0x00000000d5b80000)
 ParOldGen       total 471040K, used 470945K [0x0000000080000000, 0x000000009cc00000, 0x00000000d5580000)
  object space 471040K, 99% used [0x0000000080000000,0x000000009cbe8410,0x000000009cc00000)
 Metaspace       used 67584K, committed 69248K, reserved 1114112K
  class space    used 6678K, committed 7488K, reserved 1048576K
}

