# JRE version: OpenJDK Runtime Environment Temurin-21.0.7+6 (21.0.7+6) (build 21.0.7+6-LTS)
# Java VM: OpenJDK 64-Bit Server VM Temurin-21.0.7+6 (21.0.7+6-LTS, mixed mode, sharing, tiered, compressed oops, compressed class ptrs, parallel gc, windows-amd64)
GC Precious Log:
 CardTable entry size: 512
 CPUs: 8 total, 8 available
 Memory: 7975M
 Large Page Support: Disabled
 NUMA Support: Disabled
 Compressed Oops: Enabled (32-bit)
 Alignments: Space 512K, Generation 512K, Heap 2M
 Heap Min Capacity: 100M
 Heap Initial Capacity: 100M
 Heap Max Capacity: 2G
 Pre-touch: Disabled
 Parallel Workers: 8
Heap:
 PSYoungGen      total 4608K, used 4320K [0x00000000d5580000, 0x00000000d5b80000, 0x0000000100000000)
  eden space 3072K, 100% used [0x00000000d5580000,0x00000000d5880000,0x00000000d5880000)
  from space 1536K, 81% used [0x00000000d5a00000,0x00000000d5b38000,0x00000000d5b80000)
  to   space 1536K, 35% used [0x00000000d5880000,0x00000000d5908000,0x00000000d5a00000)
 ParOldGen       total 847360K, used 847359K [0x0000000080000000, 0x00000000b3b80000, 0x00000000d5580000)
  object space 847360K, 99% used [0x0000000080000000,0x00000000b3b7fd50,0x00000000b3b80000)
 Metaspace       used 66959K, committed 68544K, reserved 1114112K
  class space    used 6631K, committed 7296K, reserved 1048576K
GC Heap History (20 events):
Event: 52.485 GC heap after
{Heap after GC invocations=1340 (full 3):
 PSYoungGen      total 4608K, used 1534K [0x00000000d5580000, 0x00000000d6080000, 0x0000000100000000)
  eden space 3072K, 0% used [0x00000000d5580000,0x00000000d5580000,0x00000000d5880000)
  from space 1536K, 99% used [0x00000000d5980000,0x00000000d5aff810,0x00000000d5b00000)
  to   space 4096K, 0% used [0x00000000d5c80000,0x00000000d5c80000,0x00000000d6080000)
 ParOldGen       total 836096K, used 835992K [0x0000000080000000, 0x00000000b3080000, 0x00000000d5580000)
  object space 836096K, 99% used [0x0000000080000000,0x00000000b30661a0,0x00000000b3080000)
 Metaspace       used 66958K, committed 68544K, reserved 1114112K
  class space    used 6631K, committed 7296K, reserved 1048576K
}
Event: 52.581 GC heap before
{Heap before GC invocations=1341 (full 3):
 PSYoungGen      total 4608K, used 4606K [0x00000000d5580000, 0x00000000d6080000, 0x0000000100000000)
  eden space 3072K, 100% used [0x00000000d5580000,0x00000000d5880000,0x00000000d5880000)
  from space 1536K, 99% used [0x00000000d5980000,0x00000000d5aff810,0x00000000d5b00000)
  to   space 4096K, 0% used [0x00000000d5c80000,0x00000000d5c80000,0x00000000d6080000)
 ParOldGen       total 836096K, used 835992K [0x0000000080000000, 0x00000000b3080000, 0x00000000d5580000)
  object space 836096K, 99% used [0x0000000080000000,0x00000000b30661a0,0x00000000b3080000)
 Metaspace       used 66958K, committed 68544K, reserved 1114112K
  class space    used 6631K, committed 7296K, reserved 1048576K
}
Event: 52.585 GC heap after
{Heap after GC invocations=1341 (full 3):
 PSYoungGen      total 5120K, used 1660K [0x00000000d5580000, 0x00000000d5e80000, 0x0000000100000000)
  eden space 3072K, 0% used [0x00000000d5580000,0x00000000d5580000,0x00000000d5880000)
  from space 2048K, 81% used [0x00000000d5c80000,0x00000000d5e1f200,0x00000000d5e80000)
  to   space 2560K, 0% used [0x00000000d5980000,0x00000000d5980000,0x00000000d5c00000)
 ParOldGen       total 837632K, used 837510K [0x0000000080000000, 0x00000000b3200000, 0x00000000d5580000)
  object space 837632K, 99% used [0x0000000080000000,0x00000000b31e18e0,0x00000000b3200000)
 Metaspace       used 66958K, committed 68544K, reserved 1114112K
  class space    used 6631K, committed 7296K, reserved 1048576K
}
Event: 52.604 GC heap before
{Heap before GC invocations=1342 (full 3):
 PSYoungGen      total 5120K, used 4732K [0x00000000d5580000, 0x00000000d5e80000, 0x0000000100000000)
  eden space 3072K, 100% used [0x00000000d5580000,0x00000000d5880000,0x00000000d5880000)
  from space 2048K, 81% used [0x00000000d5c80000,0x00000000d5e1f200,0x00000000d5e80000)
  to   space 2560K, 0% used [0x00000000d5980000,0x00000000d5980000,0x00000000d5c00000)
 ParOldGen       total 837632K, used 837510K [0x0000000080000000, 0x00000000b3200000, 0x00000000d5580000)
  object space 837632K, 99% used [0x0000000080000000,0x00000000b31e18e0,0x00000000b3200000)
 Metaspace       used 66958K, committed 68544K, reserved 1114112K
  class space    used 6631K, committed 7296K, reserved 1048576K
}
Event: 52.611 GC heap after
{Heap after GC invocations=1342 (full 3):
 PSYoungGen      total 5632K, used 2305K [0x00000000d5580000, 0x00000000d5d80000, 0x0000000100000000)
  eden space 3072K, 0% used [0x00000000d5580000,0x00000000d5580000,0x00000000d5880000)
  from space 2560K, 90% used [0x00000000d5980000,0x00000000d5bc07a0,0x00000000d5c00000)
  to   space 1536K, 0% used [0x00000000d5c00000,0x00000000d5c00000,0x00000000d5d80000)
 ParOldGen       total 839168K, used 839043K [0x0000000080000000, 0x00000000b3380000, 0x00000000d5580000)
  object space 839168K, 99% used [0x0000000080000000,0x00000000b3360de8,0x00000000b3380000)
 Metaspace       used 66958K, committed 68544K, reserved 1114112K
  class space    used 6631K, committed 7296K, reserved 1048576K
}
Event: 52.801 GC heap before
{Heap before GC invocations=1343 (full 3):
 PSYoungGen      total 5632K, used 5377K [0x00000000d5580000, 0x00000000d5d80000, 0x0000000100000000)
  eden space 3072K, 100% used [0x00000000d5580000,0x00000000d5880000,0x00000000d5880000)
  from space 2560K, 90% used [0x00000000d5980000,0x00000000d5bc07a0,0x00000000d5c00000)
  to   space 1536K, 0% used [0x00000000d5c00000,0x00000000d5c00000,0x00000000d5d80000)
 ParOldGen       total 839168K, used 839043K [0x0000000080000000, 0x00000000b3380000, 0x00000000d5580000)
  object space 839168K, 99% used [0x0000000080000000,0x00000000b3360de8,0x00000000b3380000)
 Metaspace       used 66958K, committed 68544K, reserved 1114112K
  class space    used 6631K, committed 7296K, reserved 1048576K
}
Event: 52.806 GC heap after
{Heap after GC invocations=1343 (full 3):
 PSYoungGen      total 4608K, used 1526K [0x00000000d5580000, 0x00000000d5d80000, 0x0000000100000000)
  eden space 3072K, 0% used [0x00000000d5580000,0x00000000d5580000,0x00000000d5880000)
  from space 1536K, 99% used [0x00000000d5c00000,0x00000000d5d7d810,0x00000000d5d80000)
  to   space 2048K, 0% used [0x00000000d5980000,0x00000000d5980000,0x00000000d5b80000)
 ParOldGen       total 841728K, used 841251K [0x0000000080000000, 0x00000000b3600000, 0x00000000d5580000)
  object space 841728K, 99% used [0x0000000080000000,0x00000000b3588f60,0x00000000b3600000)
 Metaspace       used 66958K, committed 68544K, reserved 1114112K
  class space    used 6631K, committed 7296K, reserved 1048576K
}
Event: 52.863 GC heap before
{Heap before GC invocations=1344 (full 3):
 PSYoungGen      total 4608K, used 4598K [0x00000000d5580000, 0x00000000d5d80000, 0x0000000100000000)
  eden space 3072K, 100% used [0x00000000d5580000,0x00000000d5880000,0x00000000d5880000)
  from space 1536K, 99% used [0x00000000d5c00000,0x00000000d5d7d810,0x00000000d5d80000)
  to   space 2048K, 0% used [0x00000000d5980000,0x00000000d5980000,0x00000000d5b80000)
 ParOldGen       total 841728K, used 841251K [0x0000000080000000, 0x00000000b3600000, 0x00000000d5580000)
  object space 841728K, 99% used [0x0000000080000000,0x00000000b3588f60,0x00000000b3600000)
 Metaspace       used 66958K, committed 68544K, reserved 1114112K
  class space    used 6631K, committed 7296K, reserved 1048576K
}
Event: 52.873 GC heap after
{Heap after GC invocations=1344 (full 3):
 PSYoungGen      total 4608K, used 1078K [0x00000000d5580000, 0x00000000d5c80000, 0x0000000100000000)
  eden space 3072K, 0% used [0x00000000d5580000,0x00000000d5580000,0x00000000d5880000)
  from space 1536K, 70% used [0x00000000d5980000,0x00000000d5a8d818,0x00000000d5b00000)
  to   space 1536K, 0% used [0x00000000d5b00000,0x00000000d5b00000,0x00000000d5c80000)
 ParOldGen       total 842752K, used 842316K [0x0000000080000000, 0x00000000b3700000, 0x00000000d5580000)
  object space 842752K, 99% used [0x0000000080000000,0x00000000b3693090,0x00000000b3700000)
 Metaspace       used 66958K, committed 68544K, reserved 1114112K
  class space    used 6631K, committed 7296K, reserved 1048576K
}
Event: 52.926 GC heap before
{Heap before GC invocations=1345 (full 3):
 PSYoungGen      total 4608K, used 4150K [0x00000000d5580000, 0x00000000d5c80000, 0x0000000100000000)
  eden space 3072K, 100% used [0x00000000d5580000,0x00000000d5880000,0x00000000d5880000)
  from space 1536K, 70% used [0x00000000d5980000,0x00000000d5a8d818,0x00000000d5b00000)
  to   space 1536K, 0% used [0x00000000d5b00000,0x00000000d5b00000,0x00000000d5c80000)
 ParOldGen       total 842752K, used 842316K [0x0000000080000000, 0x00000000b3700000, 0x00000000d5580000)
  object space 842752K, 99% used [0x0000000080000000,0x00000000b3693090,0x00000000b3700000)
 Metaspace       used 66958K, committed 68544K, reserved 1114112K
  class space    used 6631K, committed 7296K, reserved 1048576K
}
Event: 52.937 GC heap after
{Heap after GC invocations=1345 (full 3):
 PSYoungGen      total 4608K, used 1266K [0x00000000d5580000, 0x00000000d5c80000, 0x0000000100000000)
  eden space 3072K, 0% used [0x00000000d5580000,0x00000000d5580000,0x00000000d5880000)
  from space 1536K, 82% used [0x00000000d5b00000,0x00000000d5c3caf0,0x00000000d5c80000)
  to   space 1536K, 0% used [0x00000000d5980000,0x00000000d5980000,0x00000000d5b00000)
 ParOldGen       total 843264K, used 843229K [0x0000000080000000, 0x00000000b3780000, 0x00000000d5580000)
  object space 843264K, 99% used [0x0000000080000000,0x00000000b3777700,0x00000000b3780000)
 Metaspace       used 66958K, committed 68544K, reserved 1114112K
  class space    used 6631K, committed 7296K, reserved 1048576K
}
Event: 52.990 GC heap before
{Heap before GC invocations=1346 (full 3):
 PSYoungGen      total 4608K, used 4061K [0x00000000d5580000, 0x00000000d5c80000, 0x0000000100000000)
  eden space 3072K, 90% used [0x00000000d5580000,0x00000000d583a948,0x00000000d5880000)
  from space 1536K, 82% used [0x00000000d5b00000,0x00000000d5c3caf0,0x00000000d5c80000)
  to   space 1536K, 0% used [0x00000000d5980000,0x00000000d5980000,0x00000000d5b00000)
 ParOldGen       total 843264K, used 843229K [0x0000000080000000, 0x00000000b3780000, 0x00000000d5580000)
  object space 843264K, 99% used [0x0000000080000000,0x00000000b3777700,0x00000000b3780000)
 Metaspace       used 66958K, committed 68544K, reserved 1114112K
  class space    used 6631K, committed 7296K, reserved 1048576K
}
Event: 52.995 GC heap after
{Heap after GC invocations=1346 (full 3):
 PSYoungGen      total 4608K, used 1160K [0x00000000d5580000, 0x00000000d5b80000, 0x0000000100000000)
  eden space 3072K, 0% used [0x00000000d5580000,0x00000000d5580000,0x00000000d5880000)
  from space 1536K, 75% used [0x00000000d5980000,0x00000000d5aa2038,0x00000000d5b00000)
  to   space 512K, 0% used [0x00000000d5b00000,0x00000000d5b00000,0x00000000d5b80000)
 ParOldGen       total 844288K, used 844055K [0x0000000080000000, 0x00000000b3880000, 0x00000000d5580000)
  object space 844288K, 99% used [0x0000000080000000,0x00000000b3845c78,0x00000000b3880000)
 Metaspace       used 66958K, committed 68544K, reserved 1114112K
  class space    used 6631K, committed 7296K, reserved 1048576K
}
Event: 53.066 GC heap before
{Heap before GC invocations=1347 (full 3):
 PSYoungGen      total 4608K, used 4232K [0x00000000d5580000, 0x00000000d5b80000, 0x0000000100000000)
  eden space 3072K, 100% used [0x00000000d5580000,0x00000000d5880000,0x00000000d5880000)
  from space 1536K, 75% used [0x00000000d5980000,0x00000000d5aa2038,0x00000000d5b00000)
  to   space 512K, 0% used [0x00000000d5b00000,0x00000000d5b00000,0x00000000d5b80000)
 ParOldGen       total 844288K, used 844055K [0x0000000080000000, 0x00000000b3880000, 0x00000000d5580000)
  object space 844288K, 99% used [0x0000000080000000,0x00000000b3845c78,0x00000000b3880000)
 Metaspace       used 66958K, committed 68544K, reserved 1114112K
  class space    used 6631K, committed 7296K, reserved 1048576K
}
Event: 53.071 GC heap after
{Heap after GC invocations=1347 (full 3):
 PSYoungGen      total 3072K, used 512K [0x00000000d5580000, 0x00000000d5e80000, 0x0000000100000000)
  eden space 2560K, 0% used [0x00000000d5580000,0x00000000d5580000,0x00000000d5800000)
  from space 512K, 100% used [0x00000000d5b00000,0x00000000d5b80000,0x00000000d5b80000)
  to   space 3072K, 0% used [0x00000000d5800000,0x00000000d5800000,0x00000000d5b00000)
 ParOldGen       total 846336K, used 845953K [0x0000000080000000, 0x00000000b3a80000, 0x00000000d5580000)
  object space 846336K, 99% used [0x0000000080000000,0x00000000b3a206f8,0x00000000b3a80000)
 Metaspace       used 66958K, committed 68544K, reserved 1114112K
  class space    used 6631K, committed 7296K, reserved 1048576K
}
Event: 53.189 GC heap before
{Heap before GC invocations=1348 (full 3):
 PSYoungGen      total 3072K, used 3072K [0x00000000d5580000, 0x00000000d5e80000, 0x0000000100000000)
  eden space 2560K, 100% used [0x00000000d5580000,0x00000000d5800000,0x00000000d5800000)
  from space 512K, 100% used [0x00000000d5b00000,0x00000000d5b80000,0x00000000d5b80000)
  to   space 3072K, 0% used [0x00000000d5800000,0x00000000d5800000,0x00000000d5b00000)
 ParOldGen       total 846336K, used 845953K [0x0000000080000000, 0x00000000b3a80000, 0x00000000d5580000)
  object space 846336K, 99% used [0x0000000080000000,0x00000000b3a206f8,0x00000000b3a80000)
 Metaspace       used 66959K, committed 68544K, reserved 1114112K
  class space    used 6631K, committed 7296K, reserved 1048576K
}
Event: 53.194 GC heap after
{Heap after GC invocations=1348 (full 3):
 PSYoungGen      total 3584K, used 832K [0x00000000d5580000, 0x00000000d5b80000, 0x0000000100000000)
  eden space 2560K, 0% used [0x00000000d5580000,0x00000000d5580000,0x00000000d5800000)
  from space 1024K, 81% used [0x00000000d5800000,0x00000000d58d0000,0x00000000d5900000)
  to   space 1536K, 0% used [0x00000000d5a00000,0x00000000d5a00000,0x00000000d5b80000)
 ParOldGen       total 846848K, used 846499K [0x0000000080000000, 0x00000000b3b00000, 0x00000000d5580000)
  object space 846848K, 99% used [0x0000000080000000,0x00000000b3aa8c88,0x00000000b3b00000)
 Metaspace       used 66959K, committed 68544K, reserved 1114112K
  class space    used 6631K, committed 7296K, reserved 1048576K
}
Event: 53.362 GC heap before
{Heap before GC invocations=1349 (full 3):
 PSYoungGen      total 3584K, used 3392K [0x00000000d5580000, 0x00000000d5b80000, 0x0000000100000000)
  eden space 2560K, 100% used [0x00000000d5580000,0x00000000d5800000,0x00000000d5800000)
  from space 1024K, 81% used [0x00000000d5800000,0x00000000d58d0000,0x00000000d5900000)
  to   space 1536K, 0% used [0x00000000d5a00000,0x00000000d5a00000,0x00000000d5b80000)
 ParOldGen       total 846848K, used 846499K [0x0000000080000000, 0x00000000b3b00000, 0x00000000d5580000)
  object space 846848K, 99% used [0x0000000080000000,0x00000000b3aa8c88,0x00000000b3b00000)
 Metaspace       used 66959K, committed 68544K, reserved 1114112K
  class space    used 6631K, committed 7296K, reserved 1048576K
}
Event: 54.366 GC heap after
{Heap after GC invocations=1349 (full 3):
 PSYoungGen      total 4608K, used 1248K [0x00000000d5580000, 0x00000000d5b80000, 0x0000000100000000)
  eden space 3072K, 0% used [0x00000000d5580000,0x00000000d5580000,0x00000000d5880000)
  from space 1536K, 81% used [0x00000000d5a00000,0x00000000d5b38000,0x00000000d5b80000)
  to   space 1536K, 0% used [0x00000000d5880000,0x00000000d5880000,0x00000000d5a00000)
 ParOldGen       total 847360K, used 847199K [0x0000000080000000, 0x00000000b3b80000, 0x00000000d5580000)
  object space 847360K, 99% used [0x0000000080000000,0x00000000b3b57d50,0x00000000b3b80000)
 Metaspace       used 66959K, committed 68544K, reserved 1114112K
  class space    used 6631K, committed 7296K, reserved 1048576K
}
Event: 54.398 GC heap before
{Heap before GC invocations=1350 (full 3):
 PSYoungGen      total 4608K, used 4320K [0x00000000d5580000, 0x00000000d5b80000, 0x0000000100000000)
  eden space 3072K, 100% used [0x00000000d5580000,0x00000000d5880000,0x00000000d5880000)
  from space 1536K, 81% used [0x00000000d5a00000,0x00000000d5b38000,0x00000000d5b80000)
  to   space 1536K, 0% used [0x00000000d5880000,0x00000000d5880000,0x00000000d5a00000)
 ParOldGen       total 847360K, used 847199K [0x0000000080000000, 0x00000000b3b80000, 0x00000000d5580000)
  object space 847360K, 99% used [0x0000000080000000,0x00000000b3b57d50,0x00000000b3b80000)
 Metaspace       used 66959K, committed 68544K, reserved 1114112K
  class space    used 6631K, committed 7296K, reserved 1048576K
}

